Build started 2/15/2016 6:00:22 PM.
     1>Project "C:\Users\Icarus Lee\Desktop\Restricted Access\sp2.git\Computer Graphics\Computer Graphics.vcxproj" on node 2 (Build target(s)).
     1>ClCompile:
         C:\Program Files (x86)\Microsoft Visual Studio 12.0\VC\bin\CL.exe /c /I"C:\Users\Icarus Lee\Desktop\Restricted Access\sp2.git\\glew\include" /I"C:\Users\Icarus Lee\Desktop\Restricted Access\sp2.git\\glfw\include" /I"C:\Users\Icarus Lee\Desktop\Restricted Access\sp2.git\\Common Library\Source" /ZI /nologo /W3 /WX- /Od /Oy- /D WIN32 /D _DEBUG /D _CONSOLE /D _LIB /D _UNICODE /D UNICODE /Gm /EHsc /RTC1 /MDd /GS /fp:precise /Zc:wchar_t /Zc:forScope /Fo"Debug\\" /Fd"Debug\vc120.pdb" /Gd /TP /analyze- /errorReport:prompt Source\Sp2_Scene1.cpp
         Sp2_Scene1.cpp
     1>c:\users\icarus lee\desktop\restricted access\sp2.git\computer graphics\source\sp2_scene1.cpp(265): warning C4244: '-=' : conversion from 'double' to 'float', possible loss of data
     1>c:\users\icarus lee\desktop\restricted access\sp2.git\computer graphics\source\sp2_scene1.cpp(275): warning C4244: '+=' : conversion from 'double' to 'float', possible loss of data
     1>c:\users\icarus lee\desktop\restricted access\sp2.git\computer graphics\source\sp2_scene1.cpp(303): warning C4305: 'argument' : truncation from 'double' to 'float'
     1>c:\users\icarus lee\desktop\restricted access\sp2.git\computer graphics\source\sp2_scene1.cpp(326): warning C4244: '+=' : conversion from 'double' to 'float', possible loss of data
       Link:
         C:\Program Files (x86)\Microsoft Visual Studio 12.0\VC\bin\link.exe /ERRORREPORT:PROMPT /OUT:"C:\Users\Icarus Lee\Desktop\Restricted Access\sp2.git\Debug\Computer Graphics.exe" /INCREMENTAL /NOLOGO /LIBPATH:"C:\Users\Icarus Lee\Desktop\Restricted Access\sp2.git\\glew\lib" /LIBPATH:"C:\Users\Icarus Lee\Desktop\Restricted Access\sp2.git\\glfw\lib-msvc120" /LIBPATH:"C:\Users\Icarus Lee\Desktop\Restricted Access\sp2.git\Debug" glew32.lib glfw3.lib opengl32.lib winmm.lib "Common Library.lib" kernel32.lib user32.lib gdi32.lib winspool.lib comdlg32.lib advapi32.lib shell32.lib ole32.lib oleaut32.lib uuid.lib odbc32.lib odbccp32.lib /MANIFEST /MANIFESTUAC:"level='asInvoker' uiAccess='false'" /manifest:embed /DEBUG /PDB:"C:\Users\Icarus Lee\Desktop\Restricted Access\sp2.git\Debug\Computer Graphics.pdb" /SUBSYSTEM:CONSOLE /TLBID:1 /DYNAMICBASE /NXCOMPAT /IMPLIB:"C:\Users\Icarus Lee\Desktop\Restricted Access\sp2.git\Debug\Computer Graphics.lib" /MACHINE:X86 Debug\Application.obj
         Debug\Camera.obj
         Debug\Camera3.obj
         Debug\Light.obj
         Debug\LoadOBJ.obj
         Debug\LoadTGA.obj
         Debug\main.obj
         Debug\Material.obj
         Debug\Mesh.obj
         Debug\MeshBuilder.obj
         Debug\shader.obj
         Debug\Sp2_Scene1.obj
         Computer Graphics.vcxproj -> C:\Users\Icarus Lee\Desktop\Restricted Access\sp2.git\Debug\Computer Graphics.exe
     1>Done Building Project "C:\Users\Icarus Lee\Desktop\Restricted Access\sp2.git\Computer Graphics\Computer Graphics.vcxproj" (Build target(s)).

Build succeeded.

Time Elapsed 00:00:01.09
